

*******************************************************************************
Sun Sep 12 00:09:41 2021


FIT:    data read from 'pocasi.dat' u 1:2
        format = x:z
        #datapoints = 24
        residuals are weighted equally (unit weight)

function used for fitting: phi(x)
	phi(x) = a*x**2 + b*x + c
fitted parameters initialized with current variable values

Warning: Initial value of parameter 'a' is zero.
Warning: Initial value of parameter 'b' is zero.
Warning: Initial value of parameter 'c' is zero.
iter      chisq       delta/lim  lambda   a             b             c            
   0 8.1710000000e+03   0.00e+00  1.41e+02    1.000000e-30   1.000000e-30   1.000000e-30
   5 5.5497922621e+02  -2.56e-02  1.41e-03   -1.146473e-01   3.399932e+00  -2.151923e+00

After 5 iterations the fit converged.
final sum of squares of residuals : 554.979
rel. change during last iteration : -2.56261e-07

degrees of freedom    (FIT_NDF)                        : 21
rms of residuals      (FIT_STDFIT) = sqrt(WSSR/ndf)    : 5.14078
variance of residuals (reduced chisquare) = WSSR/ndf   : 26.4276

Final set of parameters            Asymptotic Standard Error
=======================            ==========================
a               = -0.114647        +/- 0.02455      (21.41%)
b               = 3.39993          +/- 0.5846       (17.19%)
c               = -2.15192         +/- 2.903        (134.9%)

correlation matrix of the fit parameters:
                a      b      c      
a               1.000 
b              -0.966  1.000 
c               0.713 -0.845  1.000 


*******************************************************************************
Sun Sep 12 00:10:19 2021


FIT:    data read from 'pocasi.dat' u 1:2
        format = x:z
        #datapoints = 24
        residuals are weighted equally (unit weight)

function used for fitting: phi(x)
	phi(x) = a*x**2 + b*x + c
fitted parameters initialized with current variable values

Warning: Initial value of parameter 'a' is zero.
Warning: Initial value of parameter 'b' is zero.
Warning: Initial value of parameter 'c' is zero.
iter      chisq       delta/lim  lambda   a             b             c            
   0 8.1710000000e+03   0.00e+00  1.41e+02    1.000000e-30   1.000000e-30   1.000000e-30
   5 5.5497922621e+02  -2.56e-02  1.41e-03   -1.146473e-01   3.399932e+00  -2.151923e+00

After 5 iterations the fit converged.
final sum of squares of residuals : 554.979
rel. change during last iteration : -2.56261e-07

degrees of freedom    (FIT_NDF)                        : 21
rms of residuals      (FIT_STDFIT) = sqrt(WSSR/ndf)    : 5.14078
variance of residuals (reduced chisquare) = WSSR/ndf   : 26.4276

Final set of parameters            Asymptotic Standard Error
=======================            ==========================
a               = -0.114647        +/- 0.02455      (21.41%)
b               = 3.39993          +/- 0.5846       (17.19%)
c               = -2.15192         +/- 2.903        (134.9%)

correlation matrix of the fit parameters:
                a      b      c      
a               1.000 
b              -0.966  1.000 
c               0.713 -0.845  1.000 


*******************************************************************************
Sun Sep 12 00:11:00 2021


FIT:    data read from 'pocasi.dat' u 1:2
        format = x:z
        #datapoints = 24
        residuals are weighted equally (unit weight)

function used for fitting: phi(x)
	phi(x) = a*x**2 + b*x + c
fitted parameters initialized with current variable values

Warning: Initial value of parameter 'a' is zero.
Warning: Initial value of parameter 'b' is zero.
Warning: Initial value of parameter 'c' is zero.
iter      chisq       delta/lim  lambda   a             b             c            
   0 8.1710000000e+03   0.00e+00  1.41e+02    1.000000e-30   1.000000e-30   1.000000e-30
   5 5.5497922621e+02  -2.56e-02  1.41e-03   -1.146473e-01   3.399932e+00  -2.151923e+00

After 5 iterations the fit converged.
final sum of squares of residuals : 554.979
rel. change during last iteration : -2.56261e-07

degrees of freedom    (FIT_NDF)                        : 21
rms of residuals      (FIT_STDFIT) = sqrt(WSSR/ndf)    : 5.14078
variance of residuals (reduced chisquare) = WSSR/ndf   : 26.4276

Final set of parameters            Asymptotic Standard Error
=======================            ==========================
a               = -0.114647        +/- 0.02455      (21.41%)
b               = 3.39993          +/- 0.5846       (17.19%)
c               = -2.15192         +/- 2.903        (134.9%)

correlation matrix of the fit parameters:
                a      b      c      
a               1.000 
b              -0.966  1.000 
c               0.713 -0.845  1.000 


*******************************************************************************
Sun Sep 12 00:16:48 2021


FIT:    data read from 'pocasi.dat' u 1:2
        format = x:z
        #datapoints = 24
        residuals are weighted equally (unit weight)

function used for fitting: phi(x)
	phi(x) = a*x**2 + b*x + c
fitted parameters initialized with current variable values

Warning: Initial value of parameter 'a' is zero.
Warning: Initial value of parameter 'b' is zero.
Warning: Initial value of parameter 'c' is zero.
iter      chisq       delta/lim  lambda   a             b             c            
   0 8.1710000000e+03   0.00e+00  1.41e+02    1.000000e-30   1.000000e-30   1.000000e-30
   5 5.5497922621e+02  -2.56e-02  1.41e-03   -1.146473e-01   3.399932e+00  -2.151923e+00

After 5 iterations the fit converged.
final sum of squares of residuals : 554.979
rel. change during last iteration : -2.56261e-07

degrees of freedom    (FIT_NDF)                        : 21
rms of residuals      (FIT_STDFIT) = sqrt(WSSR/ndf)    : 5.14078
variance of residuals (reduced chisquare) = WSSR/ndf   : 26.4276

Final set of parameters            Asymptotic Standard Error
=======================            ==========================
a               = -0.114647        +/- 0.02455      (21.41%)
b               = 3.39993          +/- 0.5846       (17.19%)
c               = -2.15192         +/- 2.903        (134.9%)

correlation matrix of the fit parameters:
                a      b      c      
a               1.000 
b              -0.966  1.000 
c               0.713 -0.845  1.000 


*******************************************************************************
Sun Sep 12 00:18:39 2021


FIT:    data read from 'pocasi.dat' u 1:2
        format = x:z
        #datapoints = 24
        residuals are weighted equally (unit weight)

function used for fitting: phi(x)
	phi(x) = a*x**2 + b*x + c
fitted parameters initialized with current variable values

Warning: Initial value of parameter 'a' is zero.
Warning: Initial value of parameter 'b' is zero.
Warning: Initial value of parameter 'c' is zero.
iter      chisq       delta/lim  lambda   a             b             c            
   0 8.1710000000e+03   0.00e+00  1.41e+02    1.000000e-30   1.000000e-30   1.000000e-30
   5 5.5497922621e+02  -2.56e-02  1.41e-03   -1.146473e-01   3.399932e+00  -2.151923e+00

After 5 iterations the fit converged.
final sum of squares of residuals : 554.979
rel. change during last iteration : -2.56261e-07

degrees of freedom    (FIT_NDF)                        : 21
rms of residuals      (FIT_STDFIT) = sqrt(WSSR/ndf)    : 5.14078
variance of residuals (reduced chisquare) = WSSR/ndf   : 26.4276

Final set of parameters            Asymptotic Standard Error
=======================            ==========================
a               = -0.114647        +/- 0.02455      (21.41%)
b               = 3.39993          +/- 0.5846       (17.19%)
c               = -2.15192         +/- 2.903        (134.9%)

correlation matrix of the fit parameters:
                a      b      c      
a               1.000 
b              -0.966  1.000 
c               0.713 -0.845  1.000 


*******************************************************************************
Sun Sep 12 00:19:13 2021


FIT:    data read from 'pocasi.dat' u 1:2
        format = x:z
        #datapoints = 24
        residuals are weighted equally (unit weight)

function used for fitting: phi(x)
	phi(x) = a*x**2 + b*x + c
fitted parameters initialized with current variable values

Warning: Initial value of parameter 'a' is zero.
Warning: Initial value of parameter 'b' is zero.
Warning: Initial value of parameter 'c' is zero.
iter      chisq       delta/lim  lambda   a             b             c            
   0 8.1710000000e+03   0.00e+00  1.41e+02    1.000000e-30   1.000000e-30   1.000000e-30
   5 5.5497922621e+02  -2.56e-02  1.41e-03   -1.146473e-01   3.399932e+00  -2.151923e+00

After 5 iterations the fit converged.
final sum of squares of residuals : 554.979
rel. change during last iteration : -2.56261e-07

degrees of freedom    (FIT_NDF)                        : 21
rms of residuals      (FIT_STDFIT) = sqrt(WSSR/ndf)    : 5.14078
variance of residuals (reduced chisquare) = WSSR/ndf   : 26.4276

Final set of parameters            Asymptotic Standard Error
=======================            ==========================
a               = -0.114647        +/- 0.02455      (21.41%)
b               = 3.39993          +/- 0.5846       (17.19%)
c               = -2.15192         +/- 2.903        (134.9%)

correlation matrix of the fit parameters:
                a      b      c      
a               1.000 
b              -0.966  1.000 
c               0.713 -0.845  1.000 


*******************************************************************************
Sun Sep 12 00:19:21 2021


FIT:    data read from 'pocasi.dat' u 1:2
        format = x:z
        #datapoints = 24
        residuals are weighted equally (unit weight)

function used for fitting: phi(x)
	phi(x) = a*x**2 + b*x + c
fitted parameters initialized with current variable values

Warning: Initial value of parameter 'a' is zero.
Warning: Initial value of parameter 'b' is zero.
Warning: Initial value of parameter 'c' is zero.
iter      chisq       delta/lim  lambda   a             b             c            
   0 8.1710000000e+03   0.00e+00  1.41e+02    1.000000e-30   1.000000e-30   1.000000e-30
   5 5.5497922621e+02  -2.56e-02  1.41e-03   -1.146473e-01   3.399932e+00  -2.151923e+00

After 5 iterations the fit converged.
final sum of squares of residuals : 554.979
rel. change during last iteration : -2.56261e-07

degrees of freedom    (FIT_NDF)                        : 21
rms of residuals      (FIT_STDFIT) = sqrt(WSSR/ndf)    : 5.14078
variance of residuals (reduced chisquare) = WSSR/ndf   : 26.4276

Final set of parameters            Asymptotic Standard Error
=======================            ==========================
a               = -0.114647        +/- 0.02455      (21.41%)
b               = 3.39993          +/- 0.5846       (17.19%)
c               = -2.15192         +/- 2.903        (134.9%)

correlation matrix of the fit parameters:
                a      b      c      
a               1.000 
b              -0.966  1.000 
c               0.713 -0.845  1.000 


*******************************************************************************
Sun Sep 12 00:23:04 2021


FIT:    data read from 'pocasi.dat' u 1:2
        format = x:z
        #datapoints = 24
        residuals are weighted equally (unit weight)

function used for fitting: phi(x)
	phi(x) = a*x**2 + b*x + c
fitted parameters initialized with current variable values

Warning: Initial value of parameter 'a' is zero.
Warning: Initial value of parameter 'b' is zero.
Warning: Initial value of parameter 'c' is zero.
iter      chisq       delta/lim  lambda   a             b             c            
   0 8.1710000000e+03   0.00e+00  1.41e+02    1.000000e-30   1.000000e-30   1.000000e-30
   5 5.5497922621e+02  -2.56e-02  1.41e-03   -1.146473e-01   3.399932e+00  -2.151923e+00

After 5 iterations the fit converged.
final sum of squares of residuals : 554.979
rel. change during last iteration : -2.56261e-07

degrees of freedom    (FIT_NDF)                        : 21
rms of residuals      (FIT_STDFIT) = sqrt(WSSR/ndf)    : 5.14078
variance of residuals (reduced chisquare) = WSSR/ndf   : 26.4276

Final set of parameters            Asymptotic Standard Error
=======================            ==========================
a               = -0.114647        +/- 0.02455      (21.41%)
b               = 3.39993          +/- 0.5846       (17.19%)
c               = -2.15192         +/- 2.903        (134.9%)

correlation matrix of the fit parameters:
                a      b      c      
a               1.000 
b              -0.966  1.000 
c               0.713 -0.845  1.000 


*******************************************************************************
Sun Sep 12 00:23:21 2021


FIT:    data read from 'pocasi.dat' u 1:2
        format = x:z
        #datapoints = 24
        residuals are weighted equally (unit weight)

function used for fitting: phi(x)
	phi(x) = a*x**2 + b*x + c
fitted parameters initialized with current variable values

Warning: Initial value of parameter 'a' is zero.
Warning: Initial value of parameter 'b' is zero.
Warning: Initial value of parameter 'c' is zero.
iter      chisq       delta/lim  lambda   a             b             c            
   0 8.1710000000e+03   0.00e+00  1.41e+02    1.000000e-30   1.000000e-30   1.000000e-30
   5 5.5497922621e+02  -2.56e-02  1.41e-03   -1.146473e-01   3.399932e+00  -2.151923e+00

After 5 iterations the fit converged.
final sum of squares of residuals : 554.979
rel. change during last iteration : -2.56261e-07

degrees of freedom    (FIT_NDF)                        : 21
rms of residuals      (FIT_STDFIT) = sqrt(WSSR/ndf)    : 5.14078
variance of residuals (reduced chisquare) = WSSR/ndf   : 26.4276

Final set of parameters            Asymptotic Standard Error
=======================            ==========================
a               = -0.114647        +/- 0.02455      (21.41%)
b               = 3.39993          +/- 0.5846       (17.19%)
c               = -2.15192         +/- 2.903        (134.9%)

correlation matrix of the fit parameters:
                a      b      c      
a               1.000 
b              -0.966  1.000 
c               0.713 -0.845  1.000 


*******************************************************************************
Sun Sep 12 00:24:06 2021


FIT:    data read from 'pocasi.dat' u 1:2
        format = x:z
        #datapoints = 24
        residuals are weighted equally (unit weight)

function used for fitting: phi(x)
	phi(x) = a*x**2 + b*x + c
fitted parameters initialized with current variable values

Warning: Initial value of parameter 'a' is zero.
Warning: Initial value of parameter 'b' is zero.
Warning: Initial value of parameter 'c' is zero.
iter      chisq       delta/lim  lambda   a             b             c            
   0 8.1710000000e+03   0.00e+00  1.41e+02    1.000000e-30   1.000000e-30   1.000000e-30
   5 5.5497922621e+02  -2.56e-02  1.41e-03   -1.146473e-01   3.399932e+00  -2.151923e+00

After 5 iterations the fit converged.
final sum of squares of residuals : 554.979
rel. change during last iteration : -2.56261e-07

degrees of freedom    (FIT_NDF)                        : 21
rms of residuals      (FIT_STDFIT) = sqrt(WSSR/ndf)    : 5.14078
variance of residuals (reduced chisquare) = WSSR/ndf   : 26.4276

Final set of parameters            Asymptotic Standard Error
=======================            ==========================
a               = -0.114647        +/- 0.02455      (21.41%)
b               = 3.39993          +/- 0.5846       (17.19%)
c               = -2.15192         +/- 2.903        (134.9%)

correlation matrix of the fit parameters:
                a      b      c      
a               1.000 
b              -0.966  1.000 
c               0.713 -0.845  1.000 


*******************************************************************************
Sun Sep 12 00:26:01 2021


FIT:    data read from 'pocasi.dat' u 1:2
        format = x:z
        #datapoints = 24
        residuals are weighted equally (unit weight)

function used for fitting: phi(x)
	phi(x) = a*x**2 + b*x + c
fitted parameters initialized with current variable values

Warning: Initial value of parameter 'a' is zero.
Warning: Initial value of parameter 'b' is zero.
Warning: Initial value of parameter 'c' is zero.
iter      chisq       delta/lim  lambda   a             b             c            
   0 8.1710000000e+03   0.00e+00  1.41e+02    1.000000e-30   1.000000e-30   1.000000e-30
   5 5.5497922621e+02  -2.56e-02  1.41e-03   -1.146473e-01   3.399932e+00  -2.151923e+00

After 5 iterations the fit converged.
final sum of squares of residuals : 554.979
rel. change during last iteration : -2.56261e-07

degrees of freedom    (FIT_NDF)                        : 21
rms of residuals      (FIT_STDFIT) = sqrt(WSSR/ndf)    : 5.14078
variance of residuals (reduced chisquare) = WSSR/ndf   : 26.4276

Final set of parameters            Asymptotic Standard Error
=======================            ==========================
a               = -0.114647        +/- 0.02455      (21.41%)
b               = 3.39993          +/- 0.5846       (17.19%)
c               = -2.15192         +/- 2.903        (134.9%)

correlation matrix of the fit parameters:
                a      b      c      
a               1.000 
b              -0.966  1.000 
c               0.713 -0.845  1.000 


*******************************************************************************
Sun Sep 12 00:26:14 2021


FIT:    data read from 'pocasi.dat' u 1:2
        format = x:z
        #datapoints = 24
        residuals are weighted equally (unit weight)

function used for fitting: phi(x)
	phi(x) = a*x**2 + b*x + c
fitted parameters initialized with current variable values

Warning: Initial value of parameter 'a' is zero.
Warning: Initial value of parameter 'b' is zero.
Warning: Initial value of parameter 'c' is zero.
iter      chisq       delta/lim  lambda   a             b             c            
   0 8.1710000000e+03   0.00e+00  1.41e+02    1.000000e-30   1.000000e-30   1.000000e-30
   5 5.5497922621e+02  -2.56e-02  1.41e-03   -1.146473e-01   3.399932e+00  -2.151923e+00

After 5 iterations the fit converged.
final sum of squares of residuals : 554.979
rel. change during last iteration : -2.56261e-07

degrees of freedom    (FIT_NDF)                        : 21
rms of residuals      (FIT_STDFIT) = sqrt(WSSR/ndf)    : 5.14078
variance of residuals (reduced chisquare) = WSSR/ndf   : 26.4276

Final set of parameters            Asymptotic Standard Error
=======================            ==========================
a               = -0.114647        +/- 0.02455      (21.41%)
b               = 3.39993          +/- 0.5846       (17.19%)
c               = -2.15192         +/- 2.903        (134.9%)

correlation matrix of the fit parameters:
                a      b      c      
a               1.000 
b              -0.966  1.000 
c               0.713 -0.845  1.000 


*******************************************************************************
Sun Sep 12 00:26:17 2021


FIT:    data read from 'pocasi.dat' u 1:2
        format = x:z
        #datapoints = 24
        residuals are weighted equally (unit weight)

function used for fitting: phi(x)
	phi(x) = a*x**2 + b*x + c
fitted parameters initialized with current variable values

Warning: Initial value of parameter 'a' is zero.
Warning: Initial value of parameter 'b' is zero.
Warning: Initial value of parameter 'c' is zero.
iter      chisq       delta/lim  lambda   a             b             c            
   0 8.1710000000e+03   0.00e+00  1.41e+02    1.000000e-30   1.000000e-30   1.000000e-30
   5 5.5497922621e+02  -2.56e-02  1.41e-03   -1.146473e-01   3.399932e+00  -2.151923e+00

After 5 iterations the fit converged.
final sum of squares of residuals : 554.979
rel. change during last iteration : -2.56261e-07

degrees of freedom    (FIT_NDF)                        : 21
rms of residuals      (FIT_STDFIT) = sqrt(WSSR/ndf)    : 5.14078
variance of residuals (reduced chisquare) = WSSR/ndf   : 26.4276

Final set of parameters            Asymptotic Standard Error
=======================            ==========================
a               = -0.114647        +/- 0.02455      (21.41%)
b               = 3.39993          +/- 0.5846       (17.19%)
c               = -2.15192         +/- 2.903        (134.9%)

correlation matrix of the fit parameters:
                a      b      c      
a               1.000 
b              -0.966  1.000 
c               0.713 -0.845  1.000 


*******************************************************************************
Sun Sep 12 00:26:41 2021


FIT:    data read from 'pocasi.dat' u 1:2
        format = x:z
        #datapoints = 24
        residuals are weighted equally (unit weight)

function used for fitting: phi(x)
	phi(x) = a*x**2 + b*x + c
fitted parameters initialized with current variable values

Warning: Initial value of parameter 'a' is zero.
Warning: Initial value of parameter 'b' is zero.
Warning: Initial value of parameter 'c' is zero.
iter      chisq       delta/lim  lambda   a             b             c            
   0 8.1710000000e+03   0.00e+00  1.41e+02    1.000000e-30   1.000000e-30   1.000000e-30
   5 5.5497922621e+02  -2.56e-02  1.41e-03   -1.146473e-01   3.399932e+00  -2.151923e+00

After 5 iterations the fit converged.
final sum of squares of residuals : 554.979
rel. change during last iteration : -2.56261e-07

degrees of freedom    (FIT_NDF)                        : 21
rms of residuals      (FIT_STDFIT) = sqrt(WSSR/ndf)    : 5.14078
variance of residuals (reduced chisquare) = WSSR/ndf   : 26.4276

Final set of parameters            Asymptotic Standard Error
=======================            ==========================
a               = -0.114647        +/- 0.02455      (21.41%)
b               = 3.39993          +/- 0.5846       (17.19%)
c               = -2.15192         +/- 2.903        (134.9%)

correlation matrix of the fit parameters:
                a      b      c      
a               1.000 
b              -0.966  1.000 
c               0.713 -0.845  1.000 


*******************************************************************************
Sun Sep 12 00:26:49 2021


FIT:    data read from 'pocasi.dat' u 1:2
        format = x:z
        #datapoints = 24
        residuals are weighted equally (unit weight)

function used for fitting: phi(x)
	phi(x) = a*x**2 + b*x + c
fitted parameters initialized with current variable values

Warning: Initial value of parameter 'a' is zero.
Warning: Initial value of parameter 'b' is zero.
Warning: Initial value of parameter 'c' is zero.
iter      chisq       delta/lim  lambda   a             b             c            
   0 8.1710000000e+03   0.00e+00  1.41e+02    1.000000e-30   1.000000e-30   1.000000e-30
   5 5.5497922621e+02  -2.56e-02  1.41e-03   -1.146473e-01   3.399932e+00  -2.151923e+00

After 5 iterations the fit converged.
final sum of squares of residuals : 554.979
rel. change during last iteration : -2.56261e-07

degrees of freedom    (FIT_NDF)                        : 21
rms of residuals      (FIT_STDFIT) = sqrt(WSSR/ndf)    : 5.14078
variance of residuals (reduced chisquare) = WSSR/ndf   : 26.4276

Final set of parameters            Asymptotic Standard Error
=======================            ==========================
a               = -0.114647        +/- 0.02455      (21.41%)
b               = 3.39993          +/- 0.5846       (17.19%)
c               = -2.15192         +/- 2.903        (134.9%)

correlation matrix of the fit parameters:
                a      b      c      
a               1.000 
b              -0.966  1.000 
c               0.713 -0.845  1.000 


*******************************************************************************
Sun Sep 12 00:26:55 2021


FIT:    data read from 'pocasi.dat' u 1:2
        format = x:z
        #datapoints = 24
        residuals are weighted equally (unit weight)

function used for fitting: phi(x)
	phi(x) = a*x**2 + b*x + c
fitted parameters initialized with current variable values

Warning: Initial value of parameter 'a' is zero.
Warning: Initial value of parameter 'b' is zero.
Warning: Initial value of parameter 'c' is zero.
iter      chisq       delta/lim  lambda   a             b             c            
   0 8.1710000000e+03   0.00e+00  1.41e+02    1.000000e-30   1.000000e-30   1.000000e-30
   5 5.5497922621e+02  -2.56e-02  1.41e-03   -1.146473e-01   3.399932e+00  -2.151923e+00

After 5 iterations the fit converged.
final sum of squares of residuals : 554.979
rel. change during last iteration : -2.56261e-07

degrees of freedom    (FIT_NDF)                        : 21
rms of residuals      (FIT_STDFIT) = sqrt(WSSR/ndf)    : 5.14078
variance of residuals (reduced chisquare) = WSSR/ndf   : 26.4276

Final set of parameters            Asymptotic Standard Error
=======================            ==========================
a               = -0.114647        +/- 0.02455      (21.41%)
b               = 3.39993          +/- 0.5846       (17.19%)
c               = -2.15192         +/- 2.903        (134.9%)

correlation matrix of the fit parameters:
                a      b      c      
a               1.000 
b              -0.966  1.000 
c               0.713 -0.845  1.000 


*******************************************************************************
Sun Sep 12 00:29:47 2021


FIT:    data read from 'pocasi.dat' u 1:2
        format = x:z
        #datapoints = 24
        residuals are weighted equally (unit weight)

function used for fitting: phi(x)
	phi(x) = a*x**2 + b*x + c
fitted parameters initialized with current variable values

Warning: Initial value of parameter 'a' is zero.
Warning: Initial value of parameter 'b' is zero.
Warning: Initial value of parameter 'c' is zero.
iter      chisq       delta/lim  lambda   a             b             c            
   0 8.1710000000e+03   0.00e+00  1.41e+02    1.000000e-30   1.000000e-30   1.000000e-30
   5 5.5497922621e+02  -2.56e-02  1.41e-03   -1.146473e-01   3.399932e+00  -2.151923e+00

After 5 iterations the fit converged.
final sum of squares of residuals : 554.979
rel. change during last iteration : -2.56261e-07

degrees of freedom    (FIT_NDF)                        : 21
rms of residuals      (FIT_STDFIT) = sqrt(WSSR/ndf)    : 5.14078
variance of residuals (reduced chisquare) = WSSR/ndf   : 26.4276

Final set of parameters            Asymptotic Standard Error
=======================            ==========================
a               = -0.114647        +/- 0.02455      (21.41%)
b               = 3.39993          +/- 0.5846       (17.19%)
c               = -2.15192         +/- 2.903        (134.9%)

correlation matrix of the fit parameters:
                a      b      c      
a               1.000 
b              -0.966  1.000 
c               0.713 -0.845  1.000 


*******************************************************************************
Sun Sep 12 00:32:58 2021


FIT:    data read from 'pocasi.dat' u 1:2
        format = x:z
        #datapoints = 24
        residuals are weighted equally (unit weight)

function used for fitting: phi(x)
	phi(x) = a*x**2 + b*x + c
fitted parameters initialized with current variable values

Warning: Initial value of parameter 'a' is zero.
Warning: Initial value of parameter 'b' is zero.
Warning: Initial value of parameter 'c' is zero.
iter      chisq       delta/lim  lambda   a             b             c            
   0 8.1710000000e+03   0.00e+00  1.41e+02    1.000000e-30   1.000000e-30   1.000000e-30
   5 5.5497922621e+02  -2.56e-02  1.41e-03   -1.146473e-01   3.399932e+00  -2.151923e+00

After 5 iterations the fit converged.
final sum of squares of residuals : 554.979
rel. change during last iteration : -2.56261e-07

degrees of freedom    (FIT_NDF)                        : 21
rms of residuals      (FIT_STDFIT) = sqrt(WSSR/ndf)    : 5.14078
variance of residuals (reduced chisquare) = WSSR/ndf   : 26.4276

Final set of parameters            Asymptotic Standard Error
=======================            ==========================
a               = -0.114647        +/- 0.02455      (21.41%)
b               = 3.39993          +/- 0.5846       (17.19%)
c               = -2.15192         +/- 2.903        (134.9%)

correlation matrix of the fit parameters:
                a      b      c      
a               1.000 
b              -0.966  1.000 
c               0.713 -0.845  1.000 


*******************************************************************************
Sun Sep 12 00:33:02 2021


FIT:    data read from 'pocasi.dat' u 1:2
        format = x:z
        #datapoints = 24
        residuals are weighted equally (unit weight)

function used for fitting: phi(x)
	phi(x) = a*x**2 + b*x + c
fitted parameters initialized with current variable values

Warning: Initial value of parameter 'a' is zero.
Warning: Initial value of parameter 'b' is zero.
Warning: Initial value of parameter 'c' is zero.
iter      chisq       delta/lim  lambda   a             b             c            
   0 8.1710000000e+03   0.00e+00  1.41e+02    1.000000e-30   1.000000e-30   1.000000e-30
   5 5.5497922621e+02  -2.56e-02  1.41e-03   -1.146473e-01   3.399932e+00  -2.151923e+00

After 5 iterations the fit converged.
final sum of squares of residuals : 554.979
rel. change during last iteration : -2.56261e-07

degrees of freedom    (FIT_NDF)                        : 21
rms of residuals      (FIT_STDFIT) = sqrt(WSSR/ndf)    : 5.14078
variance of residuals (reduced chisquare) = WSSR/ndf   : 26.4276

Final set of parameters            Asymptotic Standard Error
=======================            ==========================
a               = -0.114647        +/- 0.02455      (21.41%)
b               = 3.39993          +/- 0.5846       (17.19%)
c               = -2.15192         +/- 2.903        (134.9%)

correlation matrix of the fit parameters:
                a      b      c      
a               1.000 
b              -0.966  1.000 
c               0.713 -0.845  1.000 


*******************************************************************************
Sun Sep 12 00:35:18 2021


FIT:    data read from 'pocasi.dat' u 1:2
        format = x:z
        #datapoints = 24
        residuals are weighted equally (unit weight)

function used for fitting: phi(x)
	phi(x) = a*x**2 + b*x + c
fitted parameters initialized with current variable values

Warning: Initial value of parameter 'a' is zero.
Warning: Initial value of parameter 'b' is zero.
Warning: Initial value of parameter 'c' is zero.
iter      chisq       delta/lim  lambda   a             b             c            
   0 8.1710000000e+03   0.00e+00  1.41e+02    1.000000e-30   1.000000e-30   1.000000e-30
   5 5.5497922621e+02  -2.56e-02  1.41e-03   -1.146473e-01   3.399932e+00  -2.151923e+00

After 5 iterations the fit converged.
final sum of squares of residuals : 554.979
rel. change during last iteration : -2.56261e-07

degrees of freedom    (FIT_NDF)                        : 21
rms of residuals      (FIT_STDFIT) = sqrt(WSSR/ndf)    : 5.14078
variance of residuals (reduced chisquare) = WSSR/ndf   : 26.4276

Final set of parameters            Asymptotic Standard Error
=======================            ==========================
a               = -0.114647        +/- 0.02455      (21.41%)
b               = 3.39993          +/- 0.5846       (17.19%)
c               = -2.15192         +/- 2.903        (134.9%)

correlation matrix of the fit parameters:
                a      b      c      
a               1.000 
b              -0.966  1.000 
c               0.713 -0.845  1.000 


*******************************************************************************
Sun Sep 12 00:35:23 2021


FIT:    data read from 'pocasi.dat' u 1:2
        format = x:z
        #datapoints = 24
        residuals are weighted equally (unit weight)

function used for fitting: phi(x)
	phi(x) = a*x**2 + b*x + c
fitted parameters initialized with current variable values

Warning: Initial value of parameter 'a' is zero.
Warning: Initial value of parameter 'b' is zero.
Warning: Initial value of parameter 'c' is zero.
iter      chisq       delta/lim  lambda   a             b             c            
   0 8.1710000000e+03   0.00e+00  1.41e+02    1.000000e-30   1.000000e-30   1.000000e-30
   5 5.5497922621e+02  -2.56e-02  1.41e-03   -1.146473e-01   3.399932e+00  -2.151923e+00

After 5 iterations the fit converged.
final sum of squares of residuals : 554.979
rel. change during last iteration : -2.56261e-07

degrees of freedom    (FIT_NDF)                        : 21
rms of residuals      (FIT_STDFIT) = sqrt(WSSR/ndf)    : 5.14078
variance of residuals (reduced chisquare) = WSSR/ndf   : 26.4276

Final set of parameters            Asymptotic Standard Error
=======================            ==========================
a               = -0.114647        +/- 0.02455      (21.41%)
b               = 3.39993          +/- 0.5846       (17.19%)
c               = -2.15192         +/- 2.903        (134.9%)

correlation matrix of the fit parameters:
                a      b      c      
a               1.000 
b              -0.966  1.000 
c               0.713 -0.845  1.000 
